<?xml version="1.0" encoding="utf-8"?><testsuites name="pytest tests"><testsuite name="pytest" errors="0" failures="0" skipped="0" tests="14" time="3.470" timestamp="2026-04-18T20:29:44.456797+00:00" hostname="agent-env-52d0e30f-91d4-47d7-876c-dffe78c8b511"><testcase classname="backend.tests.backend_test.TestAuth" name="test_login_success_sets_cookie" time="0.532" /><testcase classname="backend.tests.backend_test.TestAuth" name="test_login_invalid_password" time="0.380" /><testcase classname="backend.tests.backend_test.TestAuth" name="test_me_unauthenticated" time="0.138" /><testcase classname="backend.tests.backend_test.TestAuth" name="test_register_duplicate_email" time="0.500" /><testcase classname="backend.tests.backend_test.TestAuth" name="test_logout_clears_cookie" time="0.502" /><testcase classname="backend.tests.backend_test.TestArticlesCRUD" name="test_create_and_get_article" time="0.164" /><testcase classname="backend.tests.backend_test.TestArticlesCRUD" name="test_update_article_persists" time="0.192" /><testcase classname="backend.tests.backend_test.TestArticlesCRUD" name="test_delete_article_removes_it" time="0.141" /><testcase classname="backend.tests.backend_test.TestArticlesCRUD" name="test_filter_by_status_and_tag" time="0.309" /><testcase classname="backend.tests.backend_test.TestArticlesCRUD" name="test_article_ownership_isolation" time="0.158" /><testcase classname="backend.tests.backend_test.TestArticlesCRUD" name="test_list_requires_auth" time="0.138" /><testcase classname="backend.tests.backend_test.TestPrompts" name="test_list_prompts_has_two_seeded" time="0.045" /><testcase classname="backend.tests.backend_test.TestPrompts" name="test_update_prompt_persists" time="0.145" /><testcase classname="backend.tests.backend_test.TestNewUserSeeding" name="test_new_user_has_prompts" time="0.047" /></testsuite></testsuites>